  main.cpp
C:\Users\makar\source\repos\MagicGame\MagicGame\include\Animation.h(33,18): warning C4018: >=: несоответствие типов со знаком и без знака
C:\Users\makar\source\repos\MagicGame\MagicGame\include\Animation.h(36,16): warning C4018: <: несоответствие типов со знаком и без знака
C:\Users\makar\source\repos\MagicGame\MagicGame\include\Map.h(159,21): warning C4018: <: несоответствие типов со знаком и без знака
C:\Users\makar\source\repos\MagicGame\MagicGame\include\Map.h(200,21): warning C4018: <: несоответствие типов со знаком и без знака
C:\Users\makar\source\repos\MagicGame\MagicGame\include\Map.h(214,29): warning C4018: <: несоответствие типов со знаком и без знака
C:\Users\makar\source\repos\MagicGame\MagicGame\include\Caracter.h(26,32): warning C4244: инициализация: преобразование "int" в "float", возможна потеря данных
C:\Users\makar\source\repos\MagicGame\MagicGame\include\Caracter.h(27,28): warning C4244: инициализация: преобразование "int" в "float", возможна потеря данных
C:\Users\makar\source\repos\MagicGame\MagicGame\include\Caracter.h(90,16): warning C4244: аргумент: преобразование "float" в "int", возможна потеря данных
C:\Users\makar\source\repos\MagicGame\MagicGame\include\Caracter.h(112,21): warning C4244: аргумент: преобразование "float" в "int", возможна потеря данных
C:\Users\makar\source\repos\MagicGame\MagicGame\include\Caracter.h(113,1): warning C4244: +=: преобразование "float" в "int", возможна потеря данных
C:\Users\makar\source\repos\MagicGame\MagicGame\include\Caracter.h(114,1): warning C4244: +=: преобразование "double" в "float", возможна потеря данных
C:\Users\makar\source\repos\MagicGame\MagicGame\include\Caracter.h(155,12): warning C4244: =: преобразование "int" в "float", возможна потеря данных
C:\Users\makar\source\repos\MagicGame\MagicGame\include\Caracter.h(179,10): warning C4244: =: преобразование "double" в "int", возможна потеря данных
C:\Users\makar\source\repos\MagicGame\MagicGame\include\Caracter.h(188,10): warning C4244: =: преобразование "double" в "int", возможна потеря данных
C:\Users\makar\source\repos\MagicGame\MagicGame\include\Caracter.h(198,10): warning C4244: =: преобразование "double" в "int", возможна потеря данных
C:\Users\makar\source\repos\MagicGame\MagicGame\include\Gun.h(48,1): warning C4244: +=: преобразование "double" в "int", возможна потеря данных
C:\Users\makar\source\repos\MagicGame\MagicGame\include\Gun.h(49,1): warning C4244: +=: преобразование "double" в "int", возможна потеря данных
C:\Users\makar\source\repos\MagicGame\MagicGame\main.cpp(148,21): warning C4018: <: несоответствие типов со знаком и без знака
  Создание кода
  Создание кода завершено
  MagicGame.vcxproj -> C:\Users\makar\source\repos\MagicGame\Release\MagicGame.exe
